<?xml version="1.0" encoding="UTF-8"?>
<testng-results skipped="0" failed="0" total="1" passed="1">
  <reporter-output>
  </reporter-output>
  <suite name="Suite" duration-ms="29802" started-at="2016-08-06T10:28:36Z" finished-at="2016-08-06T10:29:06Z">
    <groups>
    </groups>
    <test name="Test" duration-ms="29802" started-at="2016-08-06T10:28:36Z" finished-at="2016-08-06T10:29:06Z">
      <class name="com.jen.pkg.JenDemo">
        <test-method status="PASS" signature="testA()[pri:0, instance:com.jen.pkg.JenDemo@edf4efb]" name="testA" duration-ms="29783" started-at="2016-08-06T15:58:36Z" finished-at="2016-08-06T15:59:06Z">
          <reporter-output>
          </reporter-output>
        </test-method> <!-- testA -->
      </class> <!-- com.jen.pkg.JenDemo -->
    </test> <!-- Test -->
  </suite> <!-- Suite -->
</testng-results>
