<?xml version="1.0" encoding="UTF-8"?>
<testng-results skipped="0" failed="0" total="2" passed="2">
  <reporter-output>
  </reporter-output>
  <suite name="Default suite" duration-ms="406" started-at="2016-08-15T15:14:35Z" finished-at="2016-08-15T15:14:35Z">
    <groups>
    </groups>
    <test name="Default test" duration-ms="406" started-at="2016-08-15T15:14:35Z" finished-at="2016-08-15T15:14:35Z">
      <class name="com.jen.pkg.JenDemo">
        <test-method status="PASS" signature="testA()[pri:0, instance:com.jen.pkg.JenDemo@ed9d034]" name="testA" duration-ms="16" started-at="2016-08-15T20:44:35Z" finished-at="2016-08-15T20:44:35Z">
          <reporter-output>
          </reporter-output>
        </test-method> <!-- testA -->
        <test-method status="PASS" signature="testB()[pri:0, instance:com.jen.pkg.JenDemo@ed9d034]" name="testB" duration-ms="375" started-at="2016-08-15T20:44:35Z" finished-at="2016-08-15T20:44:35Z">
          <reporter-output>
          </reporter-output>
        </test-method> <!-- testB -->
      </class> <!-- com.jen.pkg.JenDemo -->
    </test> <!-- Default test -->
  </suite> <!-- Default suite -->
</testng-results>
