<?xml version="1.0" encoding="UTF-8"?>
<testng-results skipped="0" failed="0" total="2" passed="2">
  <reporter-output>
  </reporter-output>
  <suite name="Suite" duration-ms="14530" started-at="2016-08-13T13:07:36Z" finished-at="2016-08-13T13:07:51Z">
    <groups>
    </groups>
    <test name="Test" duration-ms="14530" started-at="2016-08-13T13:07:36Z" finished-at="2016-08-13T13:07:51Z">
      <class name="com.jen.pkg.JenDemo">
        <test-method status="PASS" signature="testA()[pri:0, instance:com.jen.pkg.JenDemo@80ec1f8]" name="testA" duration-ms="14395" started-at="2016-08-13T18:37:36Z" finished-at="2016-08-13T18:37:51Z">
          <reporter-output>
          </reporter-output>
        </test-method> <!-- testA -->
        <test-method status="PASS" signature="testB()[pri:0, instance:com.jen.pkg.JenDemo@80ec1f8]" name="testB" duration-ms="92" started-at="2016-08-13T18:37:51Z" finished-at="2016-08-13T18:37:51Z">
          <reporter-output>
          </reporter-output>
        </test-method> <!-- testB -->
      </class> <!-- com.jen.pkg.JenDemo -->
    </test> <!-- Test -->
  </suite> <!-- Suite -->
</testng-results>
